1594366368,,ui,say,==> amazon-ebs: Force Deregister flag found%!(PACKER_COMMA) skipping prevalidating AMI Name
1594366369,,ui,message,    amazon-ebs: Found Image ID: ami-049f322a544cfcf88
1594366369,,ui,message,    amazon-ebs: Found VPC ID: vpc-04fc0ec4d2605ef9b
1594366369,,ui,message,    amazon-ebs: Found Subnet ID: subnet-0a2fceeaf5c40bd25
1594366370,,ui,say,==> amazon-ebs: Creating temporary keypair: packer_5f08199f-0350-b9c5-f8b0-07b572a2708c
1594366371,,ui,say,==> amazon-ebs: Creating temporary security group for this instance: packer_5f0819a3-9dec-8b63-b7b1-294d27d5b205
1594366372,,ui,say,==> amazon-ebs: Authorizing access to port 22 from [0.0.0.0/0] in the temporary security groups...
1594366373,,ui,say,==> amazon-ebs: Launching a source AWS instance...
1594366373,,ui,say,==> amazon-ebs: Adding tags to source instance
1594366373,,ui,message,    amazon-ebs: Adding tag: "Name": "Packer Builder"
1594366374,,ui,message,    amazon-ebs: Instance ID: i-0a2c77282ba1331aa
1594366374,,ui,say,==> amazon-ebs: Waiting for instance (i-0a2c77282ba1331aa) to become ready...
1594366407,,ui,say,==> amazon-ebs: Using ssh communicator to connect: 34.241.62.196
1594366407,,ui,say,==> amazon-ebs: Waiting for SSH to become available...
1594366414,,ui,say,==> amazon-ebs: Connected to SSH!
1594366414,,ui,say,==> amazon-ebs: Provisioning with Ansible...
1594366414,,ui,message,    amazon-ebs: Setting up proxy adapter for Ansible....
1594366415,,ui,say,==> amazon-ebs: Executing Ansible: ansible-playbook -e packer_build_name=amazon-ebs -e packer_builder_type=amazon-ebs -e packer_http_addr=ERR_HTTP_ADDR_NOT_IMPLEMENTED_BY_BUILDER --ssh-extra-args '-o IdentitiesOnly=yes' --ssh-extra-args -o IdentitiesOnly=yes -e ansible_ssh_private_key_file=/var/folders/xf/vbqrc1g108b1n7t4j_g9r1_h0000gn/T/ansible-key122915349 -i hosts/hosts.working/packer-provisioner-ansible997120112 /Users/jesusch/git/packer-9540/frontend.yml
1594366416,,ui,message,    amazon-ebs:
1594366416,,ui,message,    amazon-ebs: PLAY [all] *********************************************************************
1594366416,,ui,message,    amazon-ebs:
1594366416,,ui,message,    amazon-ebs: TASK [Gathering Facts] *********************************************************
1594366418,,ui,message,    amazon-ebs: ok: [default]
1594366418,,ui,message,    amazon-ebs:
1594366418,,ui,message,    amazon-ebs: TASK [say hello] ***************************************************************
1594366419,,ui,message,    amazon-ebs: ok: [default] => {
1594366419,,ui,message,    amazon-ebs:     "msg": "hello env: tst"
1594366419,,ui,message,    amazon-ebs: }
1594366419,,ui,message,    amazon-ebs:
1594366419,,ui,message,    amazon-ebs: PLAY RECAP *********************************************************************
1594366419,,ui,message,    amazon-ebs: default                    : ok=2    changed=0    unreachable=0    failed=0    skipped=0    rescued=0    ignored=0
1594366419,,ui,message,    amazon-ebs:
1594366419,,ui,say,==> amazon-ebs: Stopping the source instance...
1594366419,,ui,message,    amazon-ebs: Stopping instance
1594366420,,ui,say,==> amazon-ebs: Waiting for the instance to stop...
1594366453,,ui,say,==> amazon-ebs: Deregistered AMI frontend%!(PACKER_COMMA) id: ami-0ca075e663838a232
1594366455,,ui,say,==> amazon-ebs: Deleted snapshot: snap-0d20805b6f2bdca93
1594366455,,ui,say,==> amazon-ebs: Creating AMI frontend from instance i-0a2c77282ba1331aa
1594366456,,ui,message,    amazon-ebs: AMI: ami-0eaffac6242423dd5
1594366456,,ui,say,==> amazon-ebs: Waiting for AMI to become ready...
1594366826,,ui,say,==> amazon-ebs: Adding tags to AMI (ami-0eaffac6242423dd5)...
1594366827,,ui,say,==> amazon-ebs: Tagging snapshot: snap-0dff84db8a1a9ec9a
1594366827,,ui,say,==> amazon-ebs: Creating AMI tags
1594366827,,ui,message,    amazon-ebs: Adding tag: "OS_Version": "Cool Ubuntu 20.04"
1594366827,,ui,message,    amazon-ebs: Adding tag: "Release": "master"
1594366827,,ui,message,    amazon-ebs: Adding tag: "Base_AMI_Name": "ubuntu/images/hvm-ssd/ubuntu-focal-20.04-amd64-server-20200701"
1594366827,,ui,message,    amazon-ebs: Adding tag: "Extra": "<no value>"
1594366827,,ui,say,==> amazon-ebs: Creating snapshot tags
1594366828,,ui,say,==> amazon-ebs: Terminating the source AWS instance...
1594366844,,ui,say,==> amazon-ebs: Cleaning up any extra volumes...
1594366845,,ui,say,==> amazon-ebs: No volumes to clean up%!(PACKER_COMMA) skipping
1594366845,,ui,say,==> amazon-ebs: Deleting temporary security group...
1594366846,,ui,say,==> amazon-ebs: Deleting temporary keypair...
1594366846,,ui,say,==> amazon-ebs: Running post-processor: manifest
1594366846,,ui,say,Build 'amazon-ebs' finished.
1594366846,,ui,say,\n==> Builds finished. The artifacts of successful builds are:
1594366846,amazon-ebs,artifact-count,2
1594366846,amazon-ebs,artifact,0,builder-id,mitchellh.amazonebs
1594366846,amazon-ebs,artifact,0,id,eu-west-1:ami-0eaffac6242423dd5
1594366846,amazon-ebs,artifact,0,string,AMIs were created:\neu-west-1: ami-0eaffac6242423dd5\n
1594366846,amazon-ebs,artifact,0,files-count,0
1594366846,amazon-ebs,artifact,0,end
1594366846,,ui,say,--> amazon-ebs: AMIs were created:\neu-west-1: ami-0eaffac6242423dd5\n
1594366846,amazon-ebs,artifact,1,builder-id,
1594366846,amazon-ebs,artifact,1,id,
1594366846,amazon-ebs,artifact,1,string,
1594366846,amazon-ebs,artifact,1,files-count,0
1594366846,amazon-ebs,artifact,1,end
1594366846,,ui,say,--> amazon-ebs: 
